Feb 19, 2023 5:46:57 PM com.hazelcast.core.LifecycleService
INFO: HazelcastClient[hz.client_0_dev][3.6.4] is STARTING
Feb 19, 2023 5:46:57 PM com.hazelcast.core.LifecycleService
INFO: HazelcastClient[hz.client_0_dev][3.6.4] is STARTED
Feb 19, 2023 5:46:57 PM com.hazelcast.client.spi.impl.ClientMembershipListener
INFO: 

Members [1] {
	Member [127.0.0.1]:5701
}

Feb 19, 2023 5:46:57 PM com.hazelcast.core.LifecycleService
INFO: HazelcastClient[hz.client_0_dev][3.6.4] is CLIENT_CONNECTED
log4j:WARN No appenders could be found for logger (org.mongodb.driver.cluster).
log4j:WARN Please initialize the log4j system properly.
Path checked: /var/app/BackendMaster/game/tlmn/
17:47:00,077 ERROR [main] debug - start jetty
17:47:00,081 ERROR [main] debug - start TLMN
org.eclipse.jetty.server.Server@2e3c8d2b - STARTED
 += qtp1165991445{STARTED,8<=8<=10,i=5,q=0} - STARTED
 |   +- 125 qtp1165991445-125-selector-ServerConnectorManager@230b3816/0 RUNNABLE @ org.slf4j.impl.Log4jLoggerAdapter.isTraceEnabled(Log4jLoggerAdapter.java:96)
 |   +- 126 qtp1165991445-126-selector-ServerConnectorManager@230b3816/1 RUNNABLE @ sun.nio.ch.EPollArrayWrapper.epollWait(Native Method)
 |   +- 127 qtp1165991445-127 TIMED_WAITING @ sun.misc.Unsafe.park(Native Method) IDLE
 |   +- 128 qtp1165991445-128-acceptor-0@28fcdc56-ServerConnector@3144fefc{HTTP/1.1}{0.0.0.0:16071} RUNNABLE @ sun.nio.ch.ServerSocketChannelImpl.accept0(Native Method)
 |   +- 129 qtp1165991445-129 TIMED_WAITING @ sun.misc.Unsafe.park(Native Method) IDLE
 |   +- 130 qtp1165991445-130 TIMED_WAITING @ sun.misc.Unsafe.park(Native Method) IDLE
 |   +- 131 qtp1165991445-131 TIMED_WAITING @ sun.misc.Unsafe.park(Native Method) IDLE
 |   +- 132 qtp1165991445-132 TIMED_WAITING @ sun.misc.Unsafe.park(Native Method) IDLE
 += org.eclipse.jetty.util.thread.ScheduledExecutorScheduler@18d50a54 - STARTED
 += ServerConnector@3144fefc{HTTP/1.1}{0.0.0.0:16071} - STARTED
 |   +~ org.eclipse.jetty.server.Server@2e3c8d2b - STARTED
 |   +~ qtp1165991445{STARTED,8<=8<=10,i=5,q=0} - STARTED
 |   +~ org.eclipse.jetty.util.thread.ScheduledExecutorScheduler@18d50a54 - STARTED
 |   +- org.eclipse.jetty.io.ArrayByteBufferPool@625c0546
 |   += HttpConnectionFactory@79b6956e{HTTP/1.1} - STARTED
 |   |   +- HttpConfiguration@7740003b{32768/8192,8192/8192,https://:0,[]}
 |   += org.eclipse.jetty.server.ServerConnector$ServerConnectorManager@230b3816 - STARTED
 |   |   +- org.eclipse.jetty.io.SelectorManager$ManagedSelector@50f4959e keys=0 selected=0 id=0
 |   |   |   +- org.eclipse.jetty.io.SelectorManager$ManagedSelector.select(SelectorManager.java:596)
 |   |   |   +- sun.nio.ch.EPollSelectorImpl@2eb4025c keys=0
 |   |   +- org.eclipse.jetty.io.SelectorManager$ManagedSelector@79101c13 keys=0 selected=0 id=1
 |   |       +- org.eclipse.jetty.io.SelectorManager$ManagedSelector.select(SelectorManager.java:596)
 |   |       +- sun.nio.ch.EPollSelectorImpl@2777da5b keys=0
 |   +- sun.nio.ch.ServerSocketChannelImpl[/0:0:0:0:0:0:0:0:16071]
 |   +- qtp1165991445-128-acceptor-0@28fcdc56-ServerConnector@3144fefc{HTTP/1.1}{0.0.0.0:16071}
 += org.eclipse.jetty.server.handler.HandlerList@5810937b[o.e.j.s.h.ContextHandler@2e5324b3{/admin-handle,null,AVAILABLE}, o.e.j.s.h.ContextHandler@446c2d77{/change-config,null,AVAILABLE}] - STARTED
 |   += o.e.j.s.h.ContextHandler@2e5324b3{/admin-handle,null,AVAILABLE} - STARTED
 |   |   += game.tienlen.server.Jetty.handle.AdminCPHandler@65a6dcf5 - STARTED
 |   |   |
 |   |   +> No ClassLoader
 |   |   +> org.eclipse.jetty.server.Executor=qtp1165991445{STARTED,8<=8<=10,i=5,q=0}
 |   += o.e.j.s.h.ContextHandler@446c2d77{/change-config,null,AVAILABLE} - STARTED
 |       += game.tienlen.server.Jetty.handle.ChangeConfigCPHandler@17fe007b - STARTED
 |       |
 |       +> No ClassLoader
 |       +> org.eclipse.jetty.server.Executor=qtp1165991445{STARTED,8<=8<=10,i=5,q=0}
 |
 +> sun.misc.Launcher$AppClassLoader@1de0aca6
     +- file:/var/app/BackendMaster/libs/jackson-annotations-2.4.0.jar
     +- file:/var/app/BackendMaster/libs/._servlet-api-2.5.jar
     +- file:/var/app/BackendMaster/libs/._commons-dbcp-1.4.jar
     +- file:/var/app/BackendMaster/libs/scala-library.jar
     +- file:/var/app/BackendMaster/libs/._commons-lang3-3.0.1.jar
     +- file:/var/app/BackendMaster/libs/._json-lib-2.2.3-jdk15.jar
     +- file:/var/app/BackendMaster/libs/._proxool-0.9.1.jar
     +- file:/var/app/BackendMaster/libs/httpcore-nio-4.0.1.jar
     +- file:/var/app/BackendMaster/libs/._json-simple-1.1.1.jar
     +- file:/var/app/BackendMaster/libs/._wsdl4j.jar
     +- file:/var/app/BackendMaster/libs/commons-io-1.4.jar
     +- file:/var/app/BackendMaster/libs/xpp3_min-1.1.4c.jar
     +- file:/var/app/BackendMaster/libs/dbpool-6.0.jar
     +- file:/var/app/BackendMaster/libs/httpcore-4.0.1.jar
     +- file:/var/app/BackendMaster/libs/._jboss-marshalling-1.4.11.Final.jar
     +- file:/var/app/BackendMaster/libs/._gson-2.9.0.jar
     +- file:/var/app/BackendMaster/libs/jetty-server-9.2.10.v20150310.jar
     +- file:/var/app/BackendMaster/libs/._dbpool-7.0.jar
     +- file:/var/app/BackendMaster/libs/._log4j-1.2-api-2.17.2.jar
     +- file:/var/app/BackendMaster/libs/logs-analysis-app.jar
     +- file:/var/app/BackendMaster/libs/fb303.jar
     +- file:/var/app/BackendMaster/libs/gson-2.9.0.jar
     +- file:/var/app/BackendMaster/libs/._okio-1.15.0.jar
     +- file:/var/app/BackendMaster/libs/._supercsv.jar
     +- file:/var/app/BackendMaster/libs/._jetty-security-9.2.10.v20150310.jar
     +- file:/var/app/BackendMaster/libs/slf4j-api-1.7.5.jar
     +- file:/var/app/BackendMaster/libs/._mvel2-2.2.0.Final.jar
     +- file:/var/app/BackendMaster/libs/._libthrift-r917130.jar
     +- file:/var/app/BackendMaster/libs/axis.jar
     +- file:/var/app/BackendMaster/libs/log4j-api-2.17.2.jar
     +- file:/var/app/BackendMaster/libs/._httpmime-4.3.3.jar
     +- file:/var/app/BackendMaster/libs/jaxrpc.jar
     +- file:/var/app/BackendMaster/libs/._httpclient-4.3.3.jar
     +- file:/var/app/BackendMaster/libs/._joda-time-2.2.jar
     +- file:/var/app/BackendMaster/libs/._commons-codec-1.6.jar
     +- file:/var/app/BackendMaster/libs/._logs-backup-app.jar
     +- file:/var/app/BackendMaster/libs/npn-boot-8.1.2.v20120308.jar
     +- file:/var/app/BackendMaster/libs/commons-httpclient-3.1.jar
     +- file:/var/app/BackendMaster/libs/._jboss-marshalling-river-1.4.11.Final.jar
     +- file:/var/app/BackendMaster/libs/commons-logging-1.2.jar
     +- file:/var/app/BackendMaster/libs/._bcprov-jdk16-1.44.jar
     +- file:/var/app/BackendMaster/libs/._httpcore-4.3.2.jar
     +- file:/var/app/BackendMaster/libs/mongodb-driver-3.2.2.jar
     +- file:/var/app/BackendMaster/libs/apache-mime4j-0.6.jar
     +- file:/var/app/BackendMaster/libs/._jython.jar
     +- file:/var/app/BackendMaster/libs/._imap.jar
     +- file:/var/app/BackendMaster/libs/._jetty-http-9.2.10.v20150310.jar
     +- file:/var/app/BackendMaster/libs/protobuf-java-2.6.1.jar
     +- file:/var/app/BackendMaster/libs/._java_websocket.jar
     +- file:/var/app/BackendMaster/libs/._mailapi.jar
     +- file:/var/app/BackendMaster/libs/._commons-lang-2.4.jar
     +- file:/var/app/BackendMaster/libs/._json-simple-1.1.jar
     +- file:/var/app/BackendMaster/libs/spymemcached.jar
     +- file:/var/app/BackendMaster/libs/bcprov-ext-jdk16-1.46.jar
     +- file:/var/app/BackendMaster/libs/pop3.jar
     +- file:/var/app/BackendMaster/libs/._commons-vfs-1.0.jar
     +- file:/var/app/BackendMaster/libs/._async-http-client-2.1.2.jar
     +- file:/var/app/BackendMaster/libs/._spymemcached-2.12.1-sources.jar
     +- file:/var/app/BackendMaster/libs/._memcached-2.5.jar
     +- file:/var/app/BackendMaster/libs/._npn-api-1.1.1.v20141010.jar
     +- file:/var/app/BackendMaster/libs/._slf4j-log4j12-1.7.5.jar
     +- file:/var/app/BackendMaster/libs/supercsv.jar
     +- file:/var/app/BackendMaster/libs/npn-api-1.1.1.v20141010.jar
     +- file:/var/app/BackendMaster/libs/org.osgi.core-6.0.0.jar
     +- file:/var/app/BackendMaster/libs/._smtp.jar
     +- file:/var/app/BackendMaster/libs/servlet-api-3.0-alpha-1.jar
     +- file:/var/app/BackendMaster/libs/jsf-api.jar
     +- file:/var/app/BackendMaster/libs/._axis.jar
     +- file:/var/app/BackendMaster/libs/jetty-http-9.2.10.v20150310.jar
     +- file:/var/app/BackendMaster/libs/._sigar.jar
     +- file:/var/app/BackendMaster/libs/mysql-connector-java-5.1.47.jar
     +- file:/var/app/BackendMaster/libs/._jetty-server-9.2.10.v20150310.jar
     +- file:/var/app/BackendMaster/libs/commons-beanutils-1.7.0.jar
     +- file:/var/app/BackendMaster/libs/._jetty-util-9.2.10.v20150310.jar
     +- file:/var/app/BackendMaster/libs/async-http-client-2.1.2.jar
     +- file:/var/app/BackendMaster/libs/._log4j-core-2.17.2.jar
     +- file:/var/app/BackendMaster/libs/bcprov-jdk15on-1.54.jar
     +- file:/var/app/BackendMaster/libs/log4j-core-2.17.2.jar
     +- file:/var/app/BackendMaster/libs/._spymemcached.jar
     +- file:/var/app/BackendMaster/libs/commons-pool-1.5.5.jar
     +- file:/var/app/BackendMaster/libs/jedis-2.0.0.jar
     +- file:/var/app/BackendMaster/libs/._jmx-util-1.2.3.jar
     +- file:/var/app/BackendMaster/libs/json-simple-1.1.jar
     +- file:/var/app/BackendMaster/libs/json-lib-2.2.3-jdk15.jar
     +- file:/var/app/BackendMaster/libs/jetty-security-9.2.10.v20150310.jar
     +- file:/var/app/BackendMaster/libs/._commons-logging-1.1.3.jar
     +- file:/var/app/BackendMaster/libs/json-20090211.jar
     +- file:/var/app/BackendMaster/libs/jackson-core-2.4.1.jar
     +- file:/var/app/BackendMaster/libs/._jetty-io-9.2.10.v20150310.jar
     +- file:/var/app/BackendMaster/libs/._fb303.jar
     +- file:/var/app/BackendMaster/libs/._joda-time-1.6.jar
     +- file:/var/app/BackendMaster/libs/._saaj.jar
     +- file:/var/app/BackendMaster/libs/memcached-2.5.jar
     +- file:/var/app/BackendMaster/libs/boot.jar
     +- file:/var/app/BackendMaster/libs/._proxool-cglib.jar
     +- file:/var/app/BackendMaster/libs/commons-discovery-0.2.jar
     +- file:/var/app/BackendMaster/libs/libthrift-r917130.jar
     +- file:/var/app/BackendMaster/libs/httpclient-4.3.3.jar
     +- file:/var/app/BackendMaster/libs/._jackson-annotations-2.4.0.jar
     +- file:/var/app/BackendMaster/libs/okhttp-3.12.10.jar
     +- file:/var/app/BackendMaster/libs/._log4j-api-2.17.2.jar
     +- file:/var/app/BackendMaster/libs/._httpcore-4.0.1.jar
     +- file:/var/app/BackendMaster/libs/._jtds-1.2.5.jar
     +- file:/var/app/BackendMaster/libs/joda-time-2.2.jar
     +- file:/var/app/BackendMaster/libs/commons-logging-1.1.3.jar
     +- file:/var/app/BackendMaster/libs/._jboss-logging-3.3.0.Final.jar
     +- file:/var/app/BackendMaster/libs/wrapper.jar
     +- file:/var/app/BackendMaster/libs/._bcprov-jdk15on-155.jar
     +- file:/var/app/BackendMaster/libs/._commons-discovery-0.2.jar
     +- file:/var/app/BackendMaster/libs/._terracotta-api-1.1.1.jar
     +- file:/var/app/BackendMaster/libs/._bcmail-jdk16-1.46.jar
     +- file:/var/app/BackendMaster/libs/._slf4j-api-1.7.5.jar
     +- file:/var/app/BackendMaster/libs/okio-1.15.0.jar
     +- file:/var/app/BackendMaster/libs/._mysql-connector-java-5.1.47.jar
     +- file:/var/app/BackendMaster/libs/jettison.jar
     +- file:/var/app/BackendMaster/libs/rabbitmq-client.jar
     +- file:/var/app/BackendMaster/libs/saaj.jar
     +- file:/var/app/BackendMaster/libs/ezmorph-1.0.6.jar
     +- file:/var/app/BackendMaster/libs/cage-1.0.jar
     +- file:/var/app/BackendMaster/libs/java-telegram-bot-api-5.0.1.jar
     +- file:/var/app/BackendMaster/libs/._mail.jar
     +- file:/var/app/BackendMaster/libs/commons-dbcp-1.4.jar
     +- file:/var/app/BackendMaster/libs/hazelcast-client-3.6.4.jar
     +- file:/var/app/BackendMaster/libs/._mongo-java-driver-3.3.0.jar
     +- file:/var/app/BackendMaster/libs/log4j-1.2.15.jar
     +- file:/var/app/BackendMaster/libs/log4j-1.2.17.jar
     +- file:/var/app/BackendMaster/libs/._commons-io-1.4.jar
     +- file:/var/app/BackendMaster/libs/._boot.jar
     +- file:/var/app/BackendMaster/libs/._ezmorph-1.0.6.jar
     +- file:/var/app/BackendMaster/libs/._logs-analysis-app.jar
     +- file:/var/app/BackendMaster/libs/bcprov-jdk15on-155.jar
     +- file:/var/app/BackendMaster/libs/._pop3.jar
     +- file:/var/app/BackendMaster/libs/commons-collections-3.2.1.jar
     +- file:/var/app/BackendMaster/libs/httpcore-4.3.2.jar
     +- file:/var/app/BackendMaster/libs/._scribe.jar
     +- file:/var/app/BackendMaster/libs/mail.jar
     +- file:/var/app/BackendMaster/libs/._org.osgi.core-6.0.0.jar
     +- file:/var/app/BackendMaster/libs/javax.servlet-api-3.0.1.jar
     +- file:/var/app/BackendMaster/libs/dbpool-7.0.jar
     +- file:/var/app/BackendMaster/libs/._npn-boot-8.1.2.v20120308.jar
     +- file:/var/app/BackendMaster/libs/._jsf-api.jar
     +- file:/var/app/BackendMaster/libs/commons-fileupload-1.2.jar
     +- file:/var/app/BackendMaster/libs/mvel2-2.2.0.Final.jar
     +- file:/var/app/BackendMaster/libs/._commons-cli-1.1.jar
     +- file:/var/app/BackendMaster/libs/jetty-util-9.2.10.v20150310.jar
     +- file:/var/app/BackendMaster/libs/._xstream-1.3.1.jar
     +- file:/var/app/BackendMaster/libs/._commons-beanutils-1.7.0.jar
     +- file:/var/app/BackendMaster/libs/._rabbitmq-client.jar
     +- file:/var/app/BackendMaster/libs/._log4j-1.2.17.jar
     +- file:/var/app/BackendMaster/libs/slf4j-log4j12-1.7.5.jar
     +- file:/var/app/BackendMaster/libs/deadlock.jar
     +- file:/var/app/BackendMaster/libs/jetty-servlet-9.2.10.v20150310.jar
     +- file:/var/app/BackendMaster/libs/imap.jar
     +- file:/var/app/BackendMaster/libs/servlet-api-2.5.jar
     +- file:/var/app/BackendMaster/libs/tomcat-jni-8.5.3.jar
     +- file:/var/app/BackendMaster/libs/commons-lang-2.4.jar
     +- file:/var/app/BackendMaster/libs/httpmime-4.3.3.jar
     +- file:/var/app/BackendMaster/libs/._hsqldb.jar
     +- file:/var/app/BackendMaster/libs/._httpclient-cache-4.3.3.jar
     +- file:/var/app/BackendMaster/libs/spymemcached-2.12.1.jar
     +- file:/var/app/BackendMaster/libs/._commons-logging.jar
     +- file:/var/app/BackendMaster/libs/logging-interceptor-3.12.10.jar
     +- file:/var/app/BackendMaster/libs/couchbase-client.jar
     +- file:/var/app/BackendMaster/libs/commons-logging.jar
     +- file:/var/app/BackendMaster/libs/json-simple-1.1.1.jar
     +- file:/var/app/BackendMaster/libs/joda-time-1.6.jar
     +- file:/var/app/BackendMaster/libs/jetty-io-9.2.10.v20150310.jar
     +- file:/var/app/BackendMaster/libs/._jetty-servlet-9.2.10.v20150310.jar
     +- file:/var/app/BackendMaster/libs/commons-codec-1.6.jar
     +- file:/var/app/BackendMaster/libs/jtds-1.2.5.jar
     +- file:/var/app/BackendMaster/libs/._jedis-2.0.0.jar
     +- file:/var/app/BackendMaster/libs/smtp.jar
     +- file:/var/app/BackendMaster/libs/hazelcast-3.6.4.jar
     +- file:/var/app/BackendMaster/libs/netty-3.10.5.Final.jar
     +- file:/var/app/BackendMaster/libs/bcmail-jdk16-1.46.jar
     +- file:/var/app/BackendMaster/libs/._commons-pool-1.5.5.jar
     +- file:/var/app/BackendMaster/libs/jboss-marshalling-river-1.4.11.Final.jar
     +- file:/var/app/BackendMaster/libs/._json.jar
     +- file:/var/app/BackendMaster/libs/jboss-logging-3.3.0.Final.jar
     +- file:/var/app/BackendMaster/libs/._logging-interceptor-3.12.10.jar
     +- file:/var/app/BackendMaster/libs/mailapi.jar
     +- file:/var/app/BackendMaster/libs/._jackson-core-2.4.1.jar
     +- file:/var/app/BackendMaster/libs/._tomcat-catalina-8.5.3.jar
     +- file:/var/app/BackendMaster/libs/._protobuf-java-2.6.1.jar
     +- file:/var/app/BackendMaster/libs/._wrapper.jar
     +- file:/var/app/BackendMaster/libs/httpclient-4.0.3.jar
     +- file:/var/app/BackendMaster/libs/js.jar
     +- file:/var/app/BackendMaster/libs/jmx-util-1.2.3.jar
     +- file:/var/app/BackendMaster/libs/._mongodb-driver-3.2.2.jar
     +- file:/var/app/BackendMaster/libs/log4j-1.2-api-2.17.2.jar
     +- file:/var/app/BackendMaster/libs/jboss-marshalling-1.4.11.Final.jar
     +- file:/var/app/BackendMaster/libs/jackson-databind-2.4.1.jar
     +- file:/var/app/BackendMaster/libs/commons-vfs-1.0.jar
     +- file:/var/app/BackendMaster/libs/terracotta-api-1.1.1.jar
     +- file:/var/app/BackendMaster/libs/._jettison.jar
     +- file:/var/app/BackendMaster/libs/._httpcore-nio-4.0.1.jar
     +- file:/var/app/BackendMaster/libs/._deadlock.jar
     +- file:/var/app/BackendMaster/libs/httpclient-cache-4.3.3.jar
     +- file:/var/app/BackendMaster/libs/proxool-cglib.jar
     +- file:/var/app/BackendMaster/libs/._hazelcast-3.6.4.jar
     +- file:/var/app/BackendMaster/libs/junit-4.8.2.jar
     +- file:/var/app/BackendMaster/libs/jython.jar
     +- file:/var/app/BackendMaster/libs/._jetty-servlets-9.2.10.v20150310.jar
     +- file:/var/app/BackendMaster/libs/._xpp3_min-1.1.4c.jar
     +- file:/var/app/BackendMaster/libs/._commons-fileupload-1.2.jar
     +- file:/var/app/BackendMaster/libs/commons-cli-1.1.jar
     +- file:/var/app/BackendMaster/libs/._okhttp-3.12.10.jar
     +- file:/var/app/BackendMaster/libs/commons-lang3-3.0.1.jar
     +- file:/var/app/BackendMaster/libs/._hazelcast-client-3.6.4.jar
     +- file:/var/app/BackendMaster/libs/java-client-2.3.3.jar
     +- file:/var/app/BackendMaster/libs/sigar.jar
     +- file:/var/app/BackendMaster/libs/mongo-java-driver-3.3.0.jar
     +- file:/var/app/BackendMaster/libs/._log4j-1.2.15.jar
     +- file:/var/app/BackendMaster/libs/._js.jar
     +- file:/var/app/BackendMaster/libs/._scala-library.jar
     +- file:/var/app/BackendMaster/libs/commons-logging-1.1.1.jar
     +- file:/var/app/BackendMaster/libs/._apache-mime4j-0.6.jar
     +- file:/var/app/BackendMaster/libs/spymemcached-2.12.1-sources.jar
     +- file:/var/app/BackendMaster/libs/java_websocket.jar
     +- file:/var/app/BackendMaster/libs/scribe.jar
     +- file:/var/app/BackendMaster/libs/._commons-collections-3.2.1.jar
     +- file:/var/app/BackendMaster/libs/._dbpool-6.0.jar
     +- file:/var/app/BackendMaster/libs/tomcat-catalina-8.5.3.jar
     +- file:/var/app/BackendMaster/libs/._jackson-databind-2.4.1.jar
     +- file:/var/app/BackendMaster/libs/json.jar
     +- file:/var/app/BackendMaster/libs/._org.osgi.service.log-1.3.0.jar
     +- file:/var/app/BackendMaster/libs/._bcprov-ext-jdk16-1.46.jar
     +- file:/var/app/BackendMaster/libs/org.osgi.service.log-1.3.0.jar
     +- file:/var/app/BackendMaster/libs/._bcprov-jdk15on-1.54.jar
     +- file:/var/app/BackendMaster/libs/xstream-1.3.1.jar
     +- file:/var/app/BackendMaster/libs/._javax.servlet-api-3.0.1.jar
     +- file:/var/app/BackendMaster/libs/._netty-3.10.5.Final.jar
     +- file:/var/app/BackendMaster/libs/._java-telegram-bot-api-5.0.1.jar
     +- file:/var/app/BackendMaster/libs/bcprov-jdk16-1.44.jar
     +- file:/var/app/BackendMaster/libs/._commons-logging-1.2.jar
     +- file:/var/app/BackendMaster/libs/hsqldb.jar
     +- file:/var/app/BackendMaster/libs/._cage-1.0.jar
     +- file:/var/app/BackendMaster/libs/proxool-0.9.1.jar
     +- file:/var/app/BackendMaster/libs/._java-client-2.3.3.jar
     +- file:/var/app/BackendMaster/libs/._spymemcached-2.12.1.jar
     +- file:/var/app/BackendMaster/libs/jetty-servlets-9.2.10.v20150310.jar
     +- file:/var/app/BackendMaster/libs/._tomcat-jni-8.5.3.jar
     +- file:/var/app/BackendMaster/libs/._junit-4.8.2.jar
     +- file:/var/app/BackendMaster/libs/._httpclient-4.0.3.jar
     +- file:/var/app/BackendMaster/libs/logs-backup-app.jar
     +- file:/var/app/BackendMaster/libs/._jaxrpc.jar
     +- file:/var/app/BackendMaster/libs/._couchbase-client.jar
     +- file:/var/app/BackendMaster/libs/._servlet-api-3.0-alpha-1.jar
     +- file:/var/app/BackendMaster/libs/wsdl4j.jar
     +- file:/var/app/BackendMaster/libs/._commons-logging-1.1.1.jar
     +- file:/var/app/BackendMaster/libs/._json-20090211.jar
     +- file:/var/app/BackendMaster/libs/._commons-httpclient-3.1.jar
     +- file:/var/app/BackendMaster/game/tlmn/libs/VbeeCommon.jar
     +- file:/var/app/BackendMaster/game/tlmn/libs/BitzeroAll-1.0-SNAPSHOT.jar
     +- file:/var/app/BackendMaster/game/tlmn/libs/CardCoreLib-1.0-SNAPSHOT.jar
     +- file:/var/app/BackendMaster/game/tlmn/build/libs/tlmn.jar
     +- sun.misc.Launcher$ExtClassLoader@76bf05f5
